29-Sep-2019 20:46:00.249 INFO [main] org.apache.catalina.core.ApplicationContext.log ContextListener: contextInitialized()
29-Sep-2019 20:46:00.250 INFO [main] org.apache.catalina.core.ApplicationContext.log SessionListener: contextInitialized()
29-Sep-2019 20:46:00.251 INFO [main] org.apache.catalina.core.ApplicationContext.log ContextListener: attributeAdded('StockTicker', 'async.Stockticker@64beebb7')
29-Sep-2019 20:48:21.313 INFO [main] org.apache.catalina.core.ApplicationContext.log ContextListener: contextInitialized()
29-Sep-2019 20:48:21.315 INFO [main] org.apache.catalina.core.ApplicationContext.log SessionListener: contextInitialized()
29-Sep-2019 20:48:21.317 INFO [main] org.apache.catalina.core.ApplicationContext.log ContextListener: attributeAdded('StockTicker', 'async.Stockticker@19fe4644')
29-Sep-2019 20:48:21.609 INFO [main] org.apache.catalina.core.ApplicationContext.log SessionListener: contextDestroyed()
29-Sep-2019 20:48:21.609 INFO [main] org.apache.catalina.core.ApplicationContext.log ContextListener: contextDestroyed()
29-Sep-2019 20:49:39.833 INFO [main] org.apache.catalina.core.ApplicationContext.log ContextListener: contextInitialized()
29-Sep-2019 20:49:39.834 INFO [main] org.apache.catalina.core.ApplicationContext.log SessionListener: contextInitialized()
29-Sep-2019 20:49:39.837 INFO [main] org.apache.catalina.core.ApplicationContext.log ContextListener: attributeAdded('StockTicker', 'async.Stockticker@3f28bd56')
29-Sep-2019 20:49:39.954 INFO [main] org.apache.catalina.core.ApplicationContext.log SessionListener: contextDestroyed()
29-Sep-2019 20:49:39.955 INFO [main] org.apache.catalina.core.ApplicationContext.log ContextListener: contextDestroyed()
29-Sep-2019 20:59:23.823 INFO [Thread-4] org.apache.catalina.core.ApplicationContext.log SessionListener: contextDestroyed()
29-Sep-2019 20:59:23.825 INFO [Thread-4] org.apache.catalina.core.ApplicationContext.log ContextListener: contextDestroyed()
29-Sep-2019 21:01:50.803 INFO [main] org.apache.catalina.core.ApplicationContext.log ContextListener: contextInitialized()
29-Sep-2019 21:01:50.804 INFO [main] org.apache.catalina.core.ApplicationContext.log SessionListener: contextInitialized()
29-Sep-2019 21:01:50.805 INFO [main] org.apache.catalina.core.ApplicationContext.log ContextListener: attributeAdded('StockTicker', 'async.Stockticker@274872f8')
29-Sep-2019 21:07:05.184 INFO [main] org.apache.catalina.core.ApplicationContext.log SessionListener: contextDestroyed()
29-Sep-2019 21:07:05.185 INFO [main] org.apache.catalina.core.ApplicationContext.log ContextListener: contextDestroyed()
29-Sep-2019 21:07:13.048 INFO [main] org.apache.catalina.core.ApplicationContext.log ContextListener: contextInitialized()
29-Sep-2019 21:07:13.049 INFO [main] org.apache.catalina.core.ApplicationContext.log SessionListener: contextInitialized()
29-Sep-2019 21:07:13.050 INFO [main] org.apache.catalina.core.ApplicationContext.log ContextListener: attributeAdded('StockTicker', 'async.Stockticker@ab7a938')
29-Sep-2019 21:17:46.202 INFO [main] org.apache.catalina.core.ApplicationContext.log SessionListener: contextDestroyed()
29-Sep-2019 21:17:46.202 INFO [main] org.apache.catalina.core.ApplicationContext.log ContextListener: contextDestroyed()
29-Sep-2019 21:17:54.320 INFO [main] org.apache.catalina.core.ApplicationContext.log ContextListener: contextInitialized()
29-Sep-2019 21:17:54.322 INFO [main] org.apache.catalina.core.ApplicationContext.log SessionListener: contextInitialized()
29-Sep-2019 21:17:54.324 INFO [main] org.apache.catalina.core.ApplicationContext.log ContextListener: attributeAdded('StockTicker', 'async.Stockticker@6326d182')
29-Sep-2019 21:19:04.699 SEVERE [http-nio-8080-exec-8] org.apache.catalina.core.StandardWrapperValve.invoke Servlet.service() for servlet [jsp] in context with path [] threw exception [Unable to compile class for JSP: 

An error occurred at line: [1] in the jsp file: [/index.jsp]
Syntax error on token "(", ( expected after this token
1: <%(int) Math.random() * 1000000%>


An error occurred at line: [1] in the jsp file: [/index.jsp]
The left-hand side of an assignment must be a variable
1: <%(int) Math.random() * 1000000%>


An error occurred at line: [1] in the jsp file: [/index.jsp]
Syntax error, insert ")" to complete Expression
1: <%(int) Math.random() * 1000000%>


An error occurred at line: [1] in the jsp file: [/index.jsp]
Syntax error, insert "AssignmentOperator Expression" to complete Assignment
1: <%(int) Math.random() * 1000000%>


An error occurred at line: [1] in the jsp file: [/index.jsp]
Syntax error, insert ";" to complete Statement
1: <%(int) Math.random() * 1000000%>


Stacktrace:] with root cause
	org.apache.jasper.JasperException: Unable to compile class for JSP: 

An error occurred at line: [1] in the jsp file: [/index.jsp]
Syntax error on token "(", ( expected after this token
1: <%(int) Math.random() * 1000000%>


An error occurred at line: [1] in the jsp file: [/index.jsp]
The left-hand side of an assignment must be a variable
1: <%(int) Math.random() * 1000000%>


An error occurred at line: [1] in the jsp file: [/index.jsp]
Syntax error, insert ")" to complete Expression
1: <%(int) Math.random() * 1000000%>


An error occurred at line: [1] in the jsp file: [/index.jsp]
Syntax error, insert "AssignmentOperator Expression" to complete Assignment
1: <%(int) Math.random() * 1000000%>


An error occurred at line: [1] in the jsp file: [/index.jsp]
Syntax error, insert ";" to complete Statement
1: <%(int) Math.random() * 1000000%>


Stacktrace:
		at org.apache.jasper.compiler.DefaultErrorHandler.javacError(DefaultErrorHandler.java:103)
		at org.apache.jasper.compiler.ErrorDispatcher.javacError(ErrorDispatcher.java:213)
		at org.apache.jasper.compiler.JDTCompiler.generateClass(JDTCompiler.java:522)
		at org.apache.jasper.compiler.Compiler.compile(Compiler.java:392)
		at org.apache.jasper.compiler.Compiler.compile(Compiler.java:362)
		at org.apache.jasper.compiler.Compiler.compile(Compiler.java:346)
		at org.apache.jasper.JspCompilationContext.compile(JspCompilationContext.java:603)
		at org.apache.jasper.servlet.JspServletWrapper.service(JspServletWrapper.java:399)
		at org.apache.jasper.servlet.JspServlet.serviceJspFile(JspServlet.java:385)
		at org.apache.jasper.servlet.JspServlet.service(JspServlet.java:329)
		at javax.servlet.http.HttpServlet.service(HttpServlet.java:741)
		at org.apache.catalina.core.ApplicationFilterChain.internalDoFilter(ApplicationFilterChain.java:231)
		at org.apache.catalina.core.ApplicationFilterChain.doFilter(ApplicationFilterChain.java:166)
		at org.apache.tomcat.websocket.server.WsFilter.doFilter(WsFilter.java:53)
		at org.apache.catalina.core.ApplicationFilterChain.internalDoFilter(ApplicationFilterChain.java:193)
		at org.apache.catalina.core.ApplicationFilterChain.doFilter(ApplicationFilterChain.java:166)
		at org.apache.catalina.core.StandardWrapperValve.invoke(StandardWrapperValve.java:202)
		at org.apache.catalina.core.StandardContextValve.invoke(StandardContextValve.java:96)
		at org.apache.catalina.authenticator.AuthenticatorBase.invoke(AuthenticatorBase.java:526)
		at org.apache.catalina.core.StandardHostValve.invoke(StandardHostValve.java:139)
		at org.apache.catalina.valves.ErrorReportValve.invoke(ErrorReportValve.java:92)
		at org.apache.catalina.valves.AbstractAccessLogValve.invoke(AbstractAccessLogValve.java:678)
		at org.apache.catalina.core.StandardEngineValve.invoke(StandardEngineValve.java:74)
		at org.apache.catalina.connector.CoyoteAdapter.service(CoyoteAdapter.java:343)
		at org.apache.coyote.http11.Http11Processor.service(Http11Processor.java:408)
		at org.apache.coyote.AbstractProcessorLight.process(AbstractProcessorLight.java:66)
		at org.apache.coyote.AbstractProtocol$ConnectionHandler.process(AbstractProtocol.java:860)
		at org.apache.tomcat.util.net.NioEndpoint$SocketProcessor.doRun(NioEndpoint.java:1589)
		at org.apache.tomcat.util.net.SocketProcessorBase.run(SocketProcessorBase.java:49)
		at java.base/java.util.concurrent.ThreadPoolExecutor.runWorker(ThreadPoolExecutor.java:1128)
		at java.base/java.util.concurrent.ThreadPoolExecutor$Worker.run(ThreadPoolExecutor.java:628)
		at org.apache.tomcat.util.threads.TaskThread$WrappingRunnable.run(TaskThread.java:61)
		at java.base/java.lang.Thread.run(Thread.java:834)
29-Sep-2019 21:19:45.868 SEVERE [http-nio-8080-exec-9] org.apache.catalina.core.StandardWrapperValve.invoke Servlet.service() for servlet [jsp] in context with path [] threw exception [Unable to compile class for JSP: 

An error occurred at line: [1] in the jsp file: [/index.jsp]
Syntax error on token "(", ( expected after this token
1: <% (int) Math.random() * 1000000%>


An error occurred at line: [1] in the jsp file: [/index.jsp]
The left-hand side of an assignment must be a variable
1: <% (int) Math.random() * 1000000%>


An error occurred at line: [1] in the jsp file: [/index.jsp]
Syntax error, insert ")" to complete Expression
1: <% (int) Math.random() * 1000000%>


An error occurred at line: [1] in the jsp file: [/index.jsp]
Syntax error, insert "AssignmentOperator Expression" to complete Assignment
1: <% (int) Math.random() * 1000000%>


An error occurred at line: [1] in the jsp file: [/index.jsp]
Syntax error, insert ";" to complete Statement
1: <% (int) Math.random() * 1000000%>


Stacktrace:] with root cause
	org.apache.jasper.JasperException: Unable to compile class for JSP: 

An error occurred at line: [1] in the jsp file: [/index.jsp]
Syntax error on token "(", ( expected after this token
1: <% (int) Math.random() * 1000000%>


An error occurred at line: [1] in the jsp file: [/index.jsp]
The left-hand side of an assignment must be a variable
1: <% (int) Math.random() * 1000000%>


An error occurred at line: [1] in the jsp file: [/index.jsp]
Syntax error, insert ")" to complete Expression
1: <% (int) Math.random() * 1000000%>


An error occurred at line: [1] in the jsp file: [/index.jsp]
Syntax error, insert "AssignmentOperator Expression" to complete Assignment
1: <% (int) Math.random() * 1000000%>


An error occurred at line: [1] in the jsp file: [/index.jsp]
Syntax error, insert ";" to complete Statement
1: <% (int) Math.random() * 1000000%>


Stacktrace:
		at org.apache.jasper.compiler.DefaultErrorHandler.javacError(DefaultErrorHandler.java:103)
		at org.apache.jasper.compiler.ErrorDispatcher.javacError(ErrorDispatcher.java:213)
		at org.apache.jasper.compiler.JDTCompiler.generateClass(JDTCompiler.java:522)
		at org.apache.jasper.compiler.Compiler.compile(Compiler.java:392)
		at org.apache.jasper.compiler.Compiler.compile(Compiler.java:362)
		at org.apache.jasper.compiler.Compiler.compile(Compiler.java:346)
		at org.apache.jasper.JspCompilationContext.compile(JspCompilationContext.java:603)
		at org.apache.jasper.servlet.JspServletWrapper.service(JspServletWrapper.java:399)
		at org.apache.jasper.servlet.JspServlet.serviceJspFile(JspServlet.java:385)
		at org.apache.jasper.servlet.JspServlet.service(JspServlet.java:329)
		at javax.servlet.http.HttpServlet.service(HttpServlet.java:741)
		at org.apache.catalina.core.ApplicationFilterChain.internalDoFilter(ApplicationFilterChain.java:231)
		at org.apache.catalina.core.ApplicationFilterChain.doFilter(ApplicationFilterChain.java:166)
		at org.apache.tomcat.websocket.server.WsFilter.doFilter(WsFilter.java:53)
		at org.apache.catalina.core.ApplicationFilterChain.internalDoFilter(ApplicationFilterChain.java:193)
		at org.apache.catalina.core.ApplicationFilterChain.doFilter(ApplicationFilterChain.java:166)
		at org.apache.catalina.core.StandardWrapperValve.invoke(StandardWrapperValve.java:202)
		at org.apache.catalina.core.StandardContextValve.invoke(StandardContextValve.java:96)
		at org.apache.catalina.authenticator.AuthenticatorBase.invoke(AuthenticatorBase.java:526)
		at org.apache.catalina.core.StandardHostValve.invoke(StandardHostValve.java:139)
		at org.apache.catalina.valves.ErrorReportValve.invoke(ErrorReportValve.java:92)
		at org.apache.catalina.valves.AbstractAccessLogValve.invoke(AbstractAccessLogValve.java:678)
		at org.apache.catalina.core.StandardEngineValve.invoke(StandardEngineValve.java:74)
		at org.apache.catalina.connector.CoyoteAdapter.service(CoyoteAdapter.java:343)
		at org.apache.coyote.http11.Http11Processor.service(Http11Processor.java:408)
		at org.apache.coyote.AbstractProcessorLight.process(AbstractProcessorLight.java:66)
		at org.apache.coyote.AbstractProtocol$ConnectionHandler.process(AbstractProtocol.java:860)
		at org.apache.tomcat.util.net.NioEndpoint$SocketProcessor.doRun(NioEndpoint.java:1589)
		at org.apache.tomcat.util.net.SocketProcessorBase.run(SocketProcessorBase.java:49)
		at java.base/java.util.concurrent.ThreadPoolExecutor.runWorker(ThreadPoolExecutor.java:1128)
		at java.base/java.util.concurrent.ThreadPoolExecutor$Worker.run(ThreadPoolExecutor.java:628)
		at org.apache.tomcat.util.threads.TaskThread$WrappingRunnable.run(TaskThread.java:61)
		at java.base/java.lang.Thread.run(Thread.java:834)
29-Sep-2019 21:22:45.234 SEVERE [http-nio-8080-exec-10] org.apache.catalina.core.StandardWrapperValve.invoke Servlet.service() for servlet [jsp] in context with path [] threw exception [Unable to compile class for JSP: 

An error occurred at line: [1] in the jsp file: [/index.jsp]
The left-hand side of an assignment must be a variable
1: <% (int) Math.floor(Math.random() * 1000000)%>
2: 


An error occurred at line: [1] in the jsp file: [/index.jsp]
Syntax error on token ")", @ expected
1: <% (int) Math.floor(Math.random() * 1000000)%>
2: 


An error occurred at line: [1] in the jsp file: [/index.jsp]
Syntax error, type annotations are illegal here
1: <% (int) Math.floor(Math.random() * 1000000)%>
2: 


An error occurred at line: [1] in the jsp file: [/index.jsp]
Syntax error, insert "[ ]" to complete Dimension
1: <% (int) Math.floor(Math.random() * 1000000)%>
2: 


An error occurred at line: [1] in the jsp file: [/index.jsp]
Syntax error, insert ". class" to complete Expression
1: <% (int) Math.floor(Math.random() * 1000000)%>
2: 


An error occurred at line: [1] in the jsp file: [/index.jsp]
Syntax error, insert ")" to complete Expression
1: <% (int) Math.floor(Math.random() * 1000000)%>
2: 


An error occurred at line: [1] in the jsp file: [/index.jsp]
Syntax error, insert "AssignmentOperator Expression" to complete Assignment
1: <% (int) Math.floor(Math.random() * 1000000)%>
2: 


An error occurred at line: [1] in the jsp file: [/index.jsp]
Syntax error, insert ";" to complete Statement
1: <% (int) Math.floor(Math.random() * 1000000)%>
2: 


Stacktrace:] with root cause
	org.apache.jasper.JasperException: Unable to compile class for JSP: 

An error occurred at line: [1] in the jsp file: [/index.jsp]
The left-hand side of an assignment must be a variable
1: <% (int) Math.floor(Math.random() * 1000000)%>
2: 


An error occurred at line: [1] in the jsp file: [/index.jsp]
Syntax error on token ")", @ expected
1: <% (int) Math.floor(Math.random() * 1000000)%>
2: 


An error occurred at line: [1] in the jsp file: [/index.jsp]
Syntax error, type annotations are illegal here
1: <% (int) Math.floor(Math.random() * 1000000)%>
2: 


An error occurred at line: [1] in the jsp file: [/index.jsp]
Syntax error, insert "[ ]" to complete Dimension
1: <% (int) Math.floor(Math.random() * 1000000)%>
2: 


An error occurred at line: [1] in the jsp file: [/index.jsp]
Syntax error, insert ". class" to complete Expression
1: <% (int) Math.floor(Math.random() * 1000000)%>
2: 


An error occurred at line: [1] in the jsp file: [/index.jsp]
Syntax error, insert ")" to complete Expression
1: <% (int) Math.floor(Math.random() * 1000000)%>
2: 


An error occurred at line: [1] in the jsp file: [/index.jsp]
Syntax error, insert "AssignmentOperator Expression" to complete Assignment
1: <% (int) Math.floor(Math.random() * 1000000)%>
2: 


An error occurred at line: [1] in the jsp file: [/index.jsp]
Syntax error, insert ";" to complete Statement
1: <% (int) Math.floor(Math.random() * 1000000)%>
2: 


Stacktrace:
		at org.apache.jasper.compiler.DefaultErrorHandler.javacError(DefaultErrorHandler.java:103)
		at org.apache.jasper.compiler.ErrorDispatcher.javacError(ErrorDispatcher.java:213)
		at org.apache.jasper.compiler.JDTCompiler.generateClass(JDTCompiler.java:522)
		at org.apache.jasper.compiler.Compiler.compile(Compiler.java:392)
		at org.apache.jasper.compiler.Compiler.compile(Compiler.java:362)
		at org.apache.jasper.compiler.Compiler.compile(Compiler.java:346)
		at org.apache.jasper.JspCompilationContext.compile(JspCompilationContext.java:603)
		at org.apache.jasper.servlet.JspServletWrapper.service(JspServletWrapper.java:399)
		at org.apache.jasper.servlet.JspServlet.serviceJspFile(JspServlet.java:385)
		at org.apache.jasper.servlet.JspServlet.service(JspServlet.java:329)
		at javax.servlet.http.HttpServlet.service(HttpServlet.java:741)
		at org.apache.catalina.core.ApplicationFilterChain.internalDoFilter(ApplicationFilterChain.java:231)
		at org.apache.catalina.core.ApplicationFilterChain.doFilter(ApplicationFilterChain.java:166)
		at org.apache.tomcat.websocket.server.WsFilter.doFilter(WsFilter.java:53)
		at org.apache.catalina.core.ApplicationFilterChain.internalDoFilter(ApplicationFilterChain.java:193)
		at org.apache.catalina.core.ApplicationFilterChain.doFilter(ApplicationFilterChain.java:166)
		at org.apache.catalina.core.StandardWrapperValve.invoke(StandardWrapperValve.java:202)
		at org.apache.catalina.core.StandardContextValve.invoke(StandardContextValve.java:96)
		at org.apache.catalina.authenticator.AuthenticatorBase.invoke(AuthenticatorBase.java:526)
		at org.apache.catalina.core.StandardHostValve.invoke(StandardHostValve.java:139)
		at org.apache.catalina.valves.ErrorReportValve.invoke(ErrorReportValve.java:92)
		at org.apache.catalina.valves.AbstractAccessLogValve.invoke(AbstractAccessLogValve.java:678)
		at org.apache.catalina.core.StandardEngineValve.invoke(StandardEngineValve.java:74)
		at org.apache.catalina.connector.CoyoteAdapter.service(CoyoteAdapter.java:343)
		at org.apache.coyote.http11.Http11Processor.service(Http11Processor.java:408)
		at org.apache.coyote.AbstractProcessorLight.process(AbstractProcessorLight.java:66)
		at org.apache.coyote.AbstractProtocol$ConnectionHandler.process(AbstractProtocol.java:860)
		at org.apache.tomcat.util.net.NioEndpoint$SocketProcessor.doRun(NioEndpoint.java:1589)
		at org.apache.tomcat.util.net.SocketProcessorBase.run(SocketProcessorBase.java:49)
		at java.base/java.util.concurrent.ThreadPoolExecutor.runWorker(ThreadPoolExecutor.java:1128)
		at java.base/java.util.concurrent.ThreadPoolExecutor$Worker.run(ThreadPoolExecutor.java:628)
		at org.apache.tomcat.util.threads.TaskThread$WrappingRunnable.run(TaskThread.java:61)
		at java.base/java.lang.Thread.run(Thread.java:834)
